<?xml version="1.0" encoding="UTF-8"?>
<testsuite xmlns:xsi="http://www.w3.org/2001/XMLSchema-instance" xsi:noNamespaceSchemaLocation="https://maven.apache.org/surefire/maven-surefire-plugin/xsd/surefire-test-report.xsd" name="com.epam.rd.autotasks.QuadraticEquationTest" time="0.098" tests="14" errors="0" skipped="0" failures="0">
  <properties>
[...]
</properties>
  <testcase name="testSingleRoot{String, String}[1]" classname="com.epam.rd.autotasks.QuadraticEquationTest" time="0.032"/>
  <testcase name="testSingleRoot{String, String}[2]" classname="com.epam.rd.autotasks.QuadraticEquationTest" time="0.002"/>
  <testcase name="testSingleRoot{String, String}[3]" classname="com.epam.rd.autotasks.QuadraticEquationTest" time="0.002"/>
  <testcase name="testSingleRoot{String, String}[4]" classname="com.epam.rd.autotasks.QuadraticEquationTest" time="0.002"/>
  <testcase name="testSingleRoot{String, String}[5]" classname="com.epam.rd.autotasks.QuadraticEquationTest" time="0.002"/>
  <testcase name="test2Roots{String, String}[1]" classname="com.epam.rd.autotasks.QuadraticEquationTest" time="0.006"/>
  <testcase name="test2Roots{String, String}[2]" classname="com.epam.rd.autotasks.QuadraticEquationTest" time="0.002"/>
  <testcase name="test2Roots{String, String}[3]" classname="com.epam.rd.autotasks.QuadraticEquationTest" time="0.002"/>
  <testcase name="test2Roots{String, String}[4]" classname="com.epam.rd.autotasks.QuadraticEquationTest" time="0.002"/>
  <testcase name="testNoRoots{String}[1]" classname="com.epam.rd.autotasks.QuadraticEquationTest" time="0.001"/>
  <testcase name="testNoRoots{String}[2]" classname="com.epam.rd.autotasks.QuadraticEquationTest" time="0.001"/>
  <testcase name="testNoRoots{String}[3]" classname="com.epam.rd.autotasks.QuadraticEquationTest" time="0.001"/>
  <testcase name="testNoRoots{String}[4]" classname="com.epam.rd.autotasks.QuadraticEquationTest" time="0.001"/>
  <testcase name="testNoRoots{String}[5]" classname="com.epam.rd.autotasks.QuadraticEquationTest" time="0.002"/>
</testsuite>